Analysis & Synthesis report for alu
Mon Oct 14 15:56:38 2024
Quartus Prime Version 18.1.0 Build 625 09/12/2018 SJ Lite Edition


---------------------
; Table of Contents ;
---------------------
  1. Legal Notice
  2. Analysis & Synthesis Summary
  3. Analysis & Synthesis Settings
  4. Parallel Compilation
  5. Analysis & Synthesis Source Files Read
  6. Analysis & Synthesis Resource Usage Summary
  7. Analysis & Synthesis Resource Utilization by Entity
  8. User-Specified and Inferred Latches
  9. General Register Statistics
 10. Multiplexer Restructuring Statistics (Restructuring Performed)
 11. Parameter Settings for User Entity Instance: Top-level Entity: |alu
 12. Parameter Settings for User Entity Instance: part_a:parta
 13. Parameter Settings for User Entity Instance: part_a:parta|my_nadder:adder_inst
 14. Parameter Settings for User Entity Instance: part_b:partb
 15. Parameter Settings for User Entity Instance: part_c:partc
 16. Parameter Settings for User Entity Instance: part_d:partd
 17. Post-Synthesis Netlist Statistics for Top Partition
 18. Elapsed Time Per Partition
 19. Analysis & Synthesis Messages



----------------
; Legal Notice ;
----------------
Copyright (C) 2018  Intel Corporation. All rights reserved.
Your use of Intel Corporation's design tools, logic functions 
and other software and tools, and its AMPP partner logic 
functions, and any output files from any of the foregoing 
(including device programming or simulation files), and any 
associated documentation or information are expressly subject 
to the terms and conditions of the Intel Program License 
Subscription Agreement, the Intel Quartus Prime License Agreement,
the Intel FPGA IP License Agreement, or other applicable license
agreement, including, without limitation, that your use is for
the sole purpose of programming logic devices manufactured by
Intel and sold by Intel or its authorized distributors.  Please
refer to the applicable agreement for further details.



+-------------------------------------------------------------------------------+
; Analysis & Synthesis Summary                                                  ;
+---------------------------------+---------------------------------------------+
; Analysis & Synthesis Status     ; Successful - Mon Oct 14 15:56:38 2024       ;
; Quartus Prime Version           ; 18.1.0 Build 625 09/12/2018 SJ Lite Edition ;
; Revision Name                   ; alu                                         ;
; Top-level Entity Name           ; alu                                         ;
; Family                          ; Cyclone V                                   ;
; Logic utilization (in ALMs)     ; N/A                                         ;
; Total registers                 ; 0                                           ;
; Total pins                      ; 30                                          ;
; Total virtual pins              ; 0                                           ;
; Total block memory bits         ; 0                                           ;
; Total DSP Blocks                ; 0                                           ;
; Total HSSI RX PCSs              ; 0                                           ;
; Total HSSI PMA RX Deserializers ; 0                                           ;
; Total HSSI TX PCSs              ; 0                                           ;
; Total HSSI PMA TX Serializers   ; 0                                           ;
; Total PLLs                      ; 0                                           ;
; Total DLLs                      ; 0                                           ;
+---------------------------------+---------------------------------------------+


+---------------------------------------------------------------------------------------------------------------------------+
; Analysis & Synthesis Settings                                                                                             ;
+---------------------------------------------------------------------------------+--------------------+--------------------+
; Option                                                                          ; Setting            ; Default Value      ;
+---------------------------------------------------------------------------------+--------------------+--------------------+
; Device                                                                          ; 5CGXFC7C7F23C8     ;                    ;
; Top-level entity name                                                           ; alu                ; alu                ;
; Family name                                                                     ; Cyclone V          ; Cyclone V          ;
; Use smart compilation                                                           ; Off                ; Off                ;
; Enable parallel Assembler and Timing Analyzer during compilation                ; On                 ; On                 ;
; Enable compact report table                                                     ; Off                ; Off                ;
; Restructure Multiplexers                                                        ; Auto               ; Auto               ;
; MLAB Add Timing Constraints For Mixed-Port Feed-Through Mode Setting Don't Care ; Off                ; Off                ;
; Create Debugging Nodes for IP Cores                                             ; Off                ; Off                ;
; Preserve fewer node names                                                       ; On                 ; On                 ;
; Intel FPGA IP Evaluation Mode                                                   ; Enable             ; Enable             ;
; Verilog Version                                                                 ; Verilog_2001       ; Verilog_2001       ;
; VHDL Version                                                                    ; VHDL_1993          ; VHDL_1993          ;
; State Machine Processing                                                        ; Auto               ; Auto               ;
; Safe State Machine                                                              ; Off                ; Off                ;
; Extract Verilog State Machines                                                  ; On                 ; On                 ;
; Extract VHDL State Machines                                                     ; On                 ; On                 ;
; Ignore Verilog initial constructs                                               ; Off                ; Off                ;
; Iteration limit for constant Verilog loops                                      ; 5000               ; 5000               ;
; Iteration limit for non-constant Verilog loops                                  ; 250                ; 250                ;
; Add Pass-Through Logic to Inferred RAMs                                         ; On                 ; On                 ;
; Infer RAMs from Raw Logic                                                       ; On                 ; On                 ;
; Parallel Synthesis                                                              ; On                 ; On                 ;
; DSP Block Balancing                                                             ; Auto               ; Auto               ;
; NOT Gate Push-Back                                                              ; On                 ; On                 ;
; Power-Up Don't Care                                                             ; On                 ; On                 ;
; Remove Redundant Logic Cells                                                    ; Off                ; Off                ;
; Remove Duplicate Registers                                                      ; On                 ; On                 ;
; Ignore CARRY Buffers                                                            ; Off                ; Off                ;
; Ignore CASCADE Buffers                                                          ; Off                ; Off                ;
; Ignore GLOBAL Buffers                                                           ; Off                ; Off                ;
; Ignore ROW GLOBAL Buffers                                                       ; Off                ; Off                ;
; Ignore LCELL Buffers                                                            ; Off                ; Off                ;
; Ignore SOFT Buffers                                                             ; On                 ; On                 ;
; Limit AHDL Integers to 32 Bits                                                  ; Off                ; Off                ;
; Optimization Technique                                                          ; Balanced           ; Balanced           ;
; Carry Chain Length                                                              ; 70                 ; 70                 ;
; Auto Carry Chains                                                               ; On                 ; On                 ;
; Auto Open-Drain Pins                                                            ; On                 ; On                 ;
; Perform WYSIWYG Primitive Resynthesis                                           ; Off                ; Off                ;
; Auto ROM Replacement                                                            ; On                 ; On                 ;
; Auto RAM Replacement                                                            ; On                 ; On                 ;
; Auto DSP Block Replacement                                                      ; On                 ; On                 ;
; Auto Shift Register Replacement                                                 ; Auto               ; Auto               ;
; Allow Shift Register Merging across Hierarchies                                 ; Auto               ; Auto               ;
; Auto Clock Enable Replacement                                                   ; On                 ; On                 ;
; Strict RAM Replacement                                                          ; Off                ; Off                ;
; Allow Synchronous Control Signals                                               ; On                 ; On                 ;
; Force Use of Synchronous Clear Signals                                          ; Off                ; Off                ;
; Auto Resource Sharing                                                           ; Off                ; Off                ;
; Allow Any RAM Size For Recognition                                              ; Off                ; Off                ;
; Allow Any ROM Size For Recognition                                              ; Off                ; Off                ;
; Allow Any Shift Register Size For Recognition                                   ; Off                ; Off                ;
; Use LogicLock Constraints during Resource Balancing                             ; On                 ; On                 ;
; Ignore translate_off and synthesis_off directives                               ; Off                ; Off                ;
; Timing-Driven Synthesis                                                         ; On                 ; On                 ;
; Report Parameter Settings                                                       ; On                 ; On                 ;
; Report Source Assignments                                                       ; On                 ; On                 ;
; Report Connectivity Checks                                                      ; On                 ; On                 ;
; Ignore Maximum Fan-Out Assignments                                              ; Off                ; Off                ;
; Synchronization Register Chain Length                                           ; 3                  ; 3                  ;
; Power Optimization During Synthesis                                             ; Normal compilation ; Normal compilation ;
; HDL message level                                                               ; Level2             ; Level2             ;
; Suppress Register Optimization Related Messages                                 ; Off                ; Off                ;
; Number of Removed Registers Reported in Synthesis Report                        ; 5000               ; 5000               ;
; Number of Swept Nodes Reported in Synthesis Report                              ; 5000               ; 5000               ;
; Number of Inverted Registers Reported in Synthesis Report                       ; 100                ; 100                ;
; Clock MUX Protection                                                            ; On                 ; On                 ;
; Auto Gated Clock Conversion                                                     ; Off                ; Off                ;
; Block Design Naming                                                             ; Auto               ; Auto               ;
; SDC constraint protection                                                       ; Off                ; Off                ;
; Synthesis Effort                                                                ; Auto               ; Auto               ;
; Shift Register Replacement - Allow Asynchronous Clear Signal                    ; On                 ; On                 ;
; Pre-Mapping Resynthesis Optimization                                            ; Off                ; Off                ;
; Analysis & Synthesis Message Level                                              ; Medium             ; Medium             ;
; Disable Register Merging Across Hierarchies                                     ; Auto               ; Auto               ;
; Resource Aware Inference For Block RAM                                          ; On                 ; On                 ;
; Automatic Parallel Synthesis                                                    ; On                 ; On                 ;
; Partial Reconfiguration Bitstream ID                                            ; Off                ; Off                ;
+---------------------------------------------------------------------------------+--------------------+--------------------+


+------------------------------------------+
; Parallel Compilation                     ;
+----------------------------+-------------+
; Processors                 ; Number      ;
+----------------------------+-------------+
; Number detected on machine ; 16          ;
; Maximum allowed            ; 16          ;
;                            ;             ;
; Average used               ; 1.00        ;
; Maximum used               ; 1           ;
;                            ;             ;
; Usage by Processor         ; % Time Used ;
;     Processor 1            ; 100.0%      ;
+----------------------------+-------------+


+---------------------------------------------------------------------------------------------------------------------------------------+
; Analysis & Synthesis Source Files Read                                                                                                ;
+----------------------------------+-----------------+-----------------+------------------------------------------------------+---------+
; File Name with User-Entered Path ; Used in Netlist ; File Type       ; File Name with Absolute Path                         ; Library ;
+----------------------------------+-----------------+-----------------+------------------------------------------------------+---------+
; part_d.vhd                       ; yes             ; User VHDL File  ; C:/Users/laptop/Desktop/requirment_2/part_d.vhd      ;         ;
; part_c.vhd                       ; yes             ; User VHDL File  ; C:/Users/laptop/Desktop/requirment_2/part_c.vhd      ;         ;
; part_b.vhd                       ; yes             ; User VHDL File  ; C:/Users/laptop/Desktop/requirment_2/part_b.vhd      ;         ;
; part_a.vhd                       ; yes             ; User VHDL File  ; C:/Users/laptop/Desktop/requirment_2/part_a.vhd      ;         ;
; n_bit_adder.vhd                  ; yes             ; User VHDL File  ; C:/Users/laptop/Desktop/requirment_2/n_bit_adder.vhd ;         ;
; alu.vhd                          ; yes             ; User VHDL File  ; C:/Users/laptop/Desktop/requirment_2/alu.vhd         ;         ;
; 1_bit_adder.vhd                  ; yes             ; User VHDL File  ; C:/Users/laptop/Desktop/requirment_2/1_bit_adder.vhd ;         ;
+----------------------------------+-----------------+-----------------+------------------------------------------------------+---------+


+------------------------------------------------------------+
; Analysis & Synthesis Resource Usage Summary                ;
+---------------------------------------------+--------------+
; Resource                                    ; Usage        ;
+---------------------------------------------+--------------+
; Estimate of Logic utilization (ALMs needed) ; 32           ;
;                                             ;              ;
; Combinational ALUT usage for logic          ; 49           ;
;     -- 7 input functions                    ; 2            ;
;     -- 6 input functions                    ; 12           ;
;     -- 5 input functions                    ; 12           ;
;     -- 4 input functions                    ; 22           ;
;     -- <=3 input functions                  ; 1            ;
;                                             ;              ;
; Dedicated logic registers                   ; 0            ;
;                                             ;              ;
; I/O pins                                    ; 30           ;
;                                             ;              ;
; Total DSP Blocks                            ; 0            ;
;                                             ;              ;
; Maximum fan-out node                        ; Sel[0]~input ;
; Maximum fan-out                             ; 28           ;
; Total fan-out                               ; 275          ;
; Average fan-out                             ; 2.52         ;
+---------------------------------------------+--------------+


+-------------------------------------------------------------------------------------------------------------------------------------------------------------------------------------------------------------------------------------+
; Analysis & Synthesis Resource Utilization by Entity                                                                                                                                                                                 ;
+---------------------------------+---------------------+---------------------------+-------------------+------------+------+--------------+-------------------------------------------------------------+-------------+--------------+
; Compilation Hierarchy Node      ; Combinational ALUTs ; Dedicated Logic Registers ; Block Memory Bits ; DSP Blocks ; Pins ; Virtual Pins ; Full Hierarchy Name                                         ; Entity Name ; Library Name ;
+---------------------------------+---------------------+---------------------------+-------------------+------------+------+--------------+-------------------------------------------------------------+-------------+--------------+
; |alu                            ; 49 (27)             ; 0 (0)                     ; 0                 ; 0          ; 30   ; 0            ; |alu                                                        ; alu         ; work         ;
;    |part_a:parta|               ; 20 (10)             ; 0 (0)                     ; 0                 ; 0          ; 0    ; 0            ; |alu|part_a:parta                                           ; part_a      ; work         ;
;       |my_nadder:adder_inst|    ; 10 (0)              ; 0 (0)                     ; 0                 ; 0          ; 0    ; 0            ; |alu|part_a:parta|my_nadder:adder_inst                      ; my_nadder   ; work         ;
;          |my_adder:\loop1:0:fx| ; 2 (2)               ; 0 (0)                     ; 0                 ; 0          ; 0    ; 0            ; |alu|part_a:parta|my_nadder:adder_inst|my_adder:\loop1:0:fx ; my_adder    ; work         ;
;          |my_adder:\loop1:2:fx| ; 2 (2)               ; 0 (0)                     ; 0                 ; 0          ; 0    ; 0            ; |alu|part_a:parta|my_nadder:adder_inst|my_adder:\loop1:2:fx ; my_adder    ; work         ;
;          |my_adder:\loop1:3:fx| ; 3 (3)               ; 0 (0)                     ; 0                 ; 0          ; 0    ; 0            ; |alu|part_a:parta|my_nadder:adder_inst|my_adder:\loop1:3:fx ; my_adder    ; work         ;
;          |my_adder:\loop1:4:fx| ; 1 (1)               ; 0 (0)                     ; 0                 ; 0          ; 0    ; 0            ; |alu|part_a:parta|my_nadder:adder_inst|my_adder:\loop1:4:fx ; my_adder    ; work         ;
;          |my_adder:\loop1:5:fx| ; 1 (1)               ; 0 (0)                     ; 0                 ; 0          ; 0    ; 0            ; |alu|part_a:parta|my_nadder:adder_inst|my_adder:\loop1:5:fx ; my_adder    ; work         ;
;          |my_adder:fx|          ; 1 (1)               ; 0 (0)                     ; 0                 ; 0          ; 0    ; 0            ; |alu|part_a:parta|my_nadder:adder_inst|my_adder:fx          ; my_adder    ; work         ;
;    |part_b:partb|               ; 1 (1)               ; 0 (0)                     ; 0                 ; 0          ; 0    ; 0            ; |alu|part_b:partb                                           ; part_b      ; work         ;
;    |part_c:partc|               ; 1 (1)               ; 0 (0)                     ; 0                 ; 0          ; 0    ; 0            ; |alu|part_c:partc                                           ; part_c      ; work         ;
+---------------------------------+---------------------+---------------------------+-------------------+------------+------+--------------+-------------------------------------------------------------+-------------+--------------+
Note: For table entries with two numbers listed, the numbers in parentheses indicate the number of resources of the given type used by the specific entity alone. The numbers listed outside of parentheses indicate the total resources of the given type used by the specific entity and all of its sub-entities in the hierarchy.


+---------------------------------------------------------------------------------------------------+
; User-Specified and Inferred Latches                                                               ;
+----------------------------------------------------+---------------------+------------------------+
; Latch Name                                         ; Latch Enable Signal ; Free of Timing Hazards ;
+----------------------------------------------------+---------------------+------------------------+
; part_c:partc|F[0]                                  ; VCC                 ; yes                    ;
; part_d:partd|F[7]                                  ; VCC                 ; yes                    ;
; Number of user-specified and inferred latches = 2  ;                     ;                        ;
+----------------------------------------------------+---------------------+------------------------+
Note: All latches listed above may not be present at the end of synthesis due to various synthesis optimizations.


+------------------------------------------------------+
; General Register Statistics                          ;
+----------------------------------------------+-------+
; Statistic                                    ; Value ;
+----------------------------------------------+-------+
; Total registers                              ; 0     ;
; Number of registers using Synchronous Clear  ; 0     ;
; Number of registers using Synchronous Load   ; 0     ;
; Number of registers using Asynchronous Clear ; 0     ;
; Number of registers using Asynchronous Load  ; 0     ;
; Number of registers using Clock Enable       ; 0     ;
; Number of registers using Preset             ; 0     ;
+----------------------------------------------+-------+


+------------------------------------------------------------------------------------------------------------------------------------------+
; Multiplexer Restructuring Statistics (Restructuring Performed)                                                                           ;
+--------------------+-----------+---------------+----------------------+------------------------+------------+----------------------------+
; Multiplexer Inputs ; Bus Width ; Baseline Area ; Area if Restructured ; Saving if Restructured ; Registered ; Example Multiplexer Output ;
+--------------------+-----------+---------------+----------------------+------------------------+------------+----------------------------+
; 5:1                ; 8 bits    ; 24 LEs        ; 16 LEs               ; 8 LEs                  ; No         ; |alu|part_a:parta|Mux15    ;
; 8:1                ; 7 bits    ; 35 LEs        ; 35 LEs               ; 0 LEs                  ; No         ; |alu|Mux6                  ;
+--------------------+-----------+---------------+----------------------+------------------------+------------+----------------------------+


+---------------------------------------------------------------------+
; Parameter Settings for User Entity Instance: Top-level Entity: |alu ;
+----------------+-------+--------------------------------------------+
; Parameter Name ; Value ; Type                                       ;
+----------------+-------+--------------------------------------------+
; n              ; 8     ; Signed Integer                             ;
+----------------+-------+--------------------------------------------+
Note: In order to hide this table in the UI and the text report file, please set the "Show Parameter Settings in Synthesis Report" option in "Analysis and Synthesis Settings -> More Settings" to "Off".


+-----------------------------------------------------------+
; Parameter Settings for User Entity Instance: part_a:parta ;
+----------------+-------+----------------------------------+
; Parameter Name ; Value ; Type                             ;
+----------------+-------+----------------------------------+
; n              ; 8     ; Signed Integer                   ;
+----------------+-------+----------------------------------+
Note: In order to hide this table in the UI and the text report file, please set the "Show Parameter Settings in Synthesis Report" option in "Analysis and Synthesis Settings -> More Settings" to "Off".


+--------------------------------------------------------------------------------+
; Parameter Settings for User Entity Instance: part_a:parta|my_nadder:adder_inst ;
+----------------+-------+-------------------------------------------------------+
; Parameter Name ; Value ; Type                                                  ;
+----------------+-------+-------------------------------------------------------+
; n              ; 8     ; Signed Integer                                        ;
+----------------+-------+-------------------------------------------------------+
Note: In order to hide this table in the UI and the text report file, please set the "Show Parameter Settings in Synthesis Report" option in "Analysis and Synthesis Settings -> More Settings" to "Off".


+-----------------------------------------------------------+
; Parameter Settings for User Entity Instance: part_b:partb ;
+----------------+-------+----------------------------------+
; Parameter Name ; Value ; Type                             ;
+----------------+-------+----------------------------------+
; n              ; 8     ; Signed Integer                   ;
+----------------+-------+----------------------------------+
Note: In order to hide this table in the UI and the text report file, please set the "Show Parameter Settings in Synthesis Report" option in "Analysis and Synthesis Settings -> More Settings" to "Off".


+-----------------------------------------------------------+
; Parameter Settings for User Entity Instance: part_c:partc ;
+----------------+-------+----------------------------------+
; Parameter Name ; Value ; Type                             ;
+----------------+-------+----------------------------------+
; n              ; 8     ; Signed Integer                   ;
+----------------+-------+----------------------------------+
Note: In order to hide this table in the UI and the text report file, please set the "Show Parameter Settings in Synthesis Report" option in "Analysis and Synthesis Settings -> More Settings" to "Off".


+-----------------------------------------------------------+
; Parameter Settings for User Entity Instance: part_d:partd ;
+----------------+-------+----------------------------------+
; Parameter Name ; Value ; Type                             ;
+----------------+-------+----------------------------------+
; n              ; 8     ; Signed Integer                   ;
+----------------+-------+----------------------------------+
Note: In order to hide this table in the UI and the text report file, please set the "Show Parameter Settings in Synthesis Report" option in "Analysis and Synthesis Settings -> More Settings" to "Off".


+-----------------------------------------------------+
; Post-Synthesis Netlist Statistics for Top Partition ;
+-----------------------+-----------------------------+
; Type                  ; Count                       ;
+-----------------------+-----------------------------+
; arriav_lcell_comb     ; 49                          ;
;     extend            ; 2                           ;
;         7 data inputs ; 2                           ;
;     normal            ; 47                          ;
;         2 data inputs ; 1                           ;
;         4 data inputs ; 22                          ;
;         5 data inputs ; 12                          ;
;         6 data inputs ; 12                          ;
; boundary_port         ; 30                          ;
;                       ;                             ;
; Max LUT depth         ; 4.00                        ;
; Average LUT depth     ; 3.21                        ;
+-----------------------+-----------------------------+


+-------------------------------+
; Elapsed Time Per Partition    ;
+----------------+--------------+
; Partition Name ; Elapsed Time ;
+----------------+--------------+
; Top            ; 00:00:00     ;
+----------------+--------------+


+-------------------------------+
; Analysis & Synthesis Messages ;
+-------------------------------+
Info: *******************************************************************
Info: Running Quartus Prime Analysis & Synthesis
    Info: Version 18.1.0 Build 625 09/12/2018 SJ Lite Edition
    Info: Processing started: Mon Oct 14 15:56:26 2024
Info: Command: quartus_map --read_settings_files=on --write_settings_files=off alu -c alu
Warning (18236): Number of processors has not been specified which may cause overloading on shared machines.  Set the global assignment NUM_PARALLEL_PROCESSORS in your QSF to an appropriate value for best performance.
Info (20030): Parallel compilation is enabled and will use 16 of the 16 processors detected
Info (12021): Found 2 design units, including 1 entities, in source file part_d.vhd
    Info (12022): Found design unit 1: part_d-arch_d File: C:/Users/laptop/Desktop/requirment_2/part_d.vhd Line: 15
    Info (12023): Found entity 1: part_d File: C:/Users/laptop/Desktop/requirment_2/part_d.vhd Line: 4
Info (12021): Found 2 design units, including 1 entities, in source file part_c.vhd
    Info (12022): Found design unit 1: part_c-arch_c File: C:/Users/laptop/Desktop/requirment_2/part_c.vhd Line: 15
    Info (12023): Found entity 1: part_c File: C:/Users/laptop/Desktop/requirment_2/part_c.vhd Line: 4
Info (12021): Found 2 design units, including 1 entities, in source file part_b.vhd
    Info (12022): Found design unit 1: part_b-arch_b File: C:/Users/laptop/Desktop/requirment_2/part_b.vhd Line: 14
    Info (12023): Found entity 1: part_b File: C:/Users/laptop/Desktop/requirment_2/part_b.vhd Line: 4
Info (12021): Found 2 design units, including 1 entities, in source file part_a.vhd
    Info (12022): Found design unit 1: part_a-arch_part_a File: C:/Users/laptop/Desktop/requirment_2/part_a.vhd Line: 16
    Info (12023): Found entity 1: part_a File: C:/Users/laptop/Desktop/requirment_2/part_a.vhd Line: 5
Info (12021): Found 2 design units, including 1 entities, in source file n_bit_adder.vhd
    Info (12022): Found design unit 1: my_nadder-a_my_nadder File: C:/Users/laptop/Desktop/requirment_2/n_bit_adder.vhd Line: 12
    Info (12023): Found entity 1: my_nadder File: C:/Users/laptop/Desktop/requirment_2/n_bit_adder.vhd Line: 3
Info (12021): Found 2 design units, including 1 entities, in source file alu.vhd
    Info (12022): Found design unit 1: alu-arch_alu File: C:/Users/laptop/Desktop/requirment_2/alu.vhd Line: 15
    Info (12023): Found entity 1: alu File: C:/Users/laptop/Desktop/requirment_2/alu.vhd Line: 4
Info (12021): Found 2 design units, including 1 entities, in source file 8_bit_adder.vhd
    Info (12022): Found design unit 1: my_8adder-a_my_8adder File: C:/Users/laptop/Desktop/requirment_2/8_bit_adder.vhd Line: 11
    Info (12023): Found entity 1: my_8adder File: C:/Users/laptop/Desktop/requirment_2/8_bit_adder.vhd Line: 3
Info (12021): Found 2 design units, including 1 entities, in source file 1_bit_adder.vhd
    Info (12022): Found design unit 1: my_adder-a_my_adder File: C:/Users/laptop/Desktop/requirment_2/1_bit_adder.vhd Line: 9
    Info (12023): Found entity 1: my_adder File: C:/Users/laptop/Desktop/requirment_2/1_bit_adder.vhd Line: 3
Info (12127): Elaborating entity "alu" for the top level hierarchy
Warning (10492): VHDL Process Statement warning at alu.vhd(109): signal "part_b_Cout" is read inside the Process Statement but isn't in the Process Statement's sensitivity list File: C:/Users/laptop/Desktop/requirment_2/alu.vhd Line: 109
Warning (10492): VHDL Process Statement warning at alu.vhd(112): signal "part_c_Cout" is read inside the Process Statement but isn't in the Process Statement's sensitivity list File: C:/Users/laptop/Desktop/requirment_2/alu.vhd Line: 112
Warning (10492): VHDL Process Statement warning at alu.vhd(115): signal "part_d_Cout" is read inside the Process Statement but isn't in the Process Statement's sensitivity list File: C:/Users/laptop/Desktop/requirment_2/alu.vhd Line: 115
Info (12128): Elaborating entity "part_a" for hierarchy "part_a:parta" File: C:/Users/laptop/Desktop/requirment_2/alu.vhd Line: 67
Warning (10492): VHDL Process Statement warning at part_a.vhd(49): signal "Cin" is read inside the Process Statement but isn't in the Process Statement's sensitivity list File: C:/Users/laptop/Desktop/requirment_2/part_a.vhd Line: 49
Warning (10492): VHDL Process Statement warning at part_a.vhd(54): signal "Cin" is read inside the Process Statement but isn't in the Process Statement's sensitivity list File: C:/Users/laptop/Desktop/requirment_2/part_a.vhd Line: 54
Warning (10492): VHDL Process Statement warning at part_a.vhd(59): signal "Cin" is read inside the Process Statement but isn't in the Process Statement's sensitivity list File: C:/Users/laptop/Desktop/requirment_2/part_a.vhd Line: 59
Warning (10492): VHDL Process Statement warning at part_a.vhd(62): signal "Cin" is read inside the Process Statement but isn't in the Process Statement's sensitivity list File: C:/Users/laptop/Desktop/requirment_2/part_a.vhd Line: 62
Warning (10492): VHDL Process Statement warning at part_a.vhd(65): signal "Cin" is read inside the Process Statement but isn't in the Process Statement's sensitivity list File: C:/Users/laptop/Desktop/requirment_2/part_a.vhd Line: 65
Warning (10492): VHDL Process Statement warning at part_a.vhd(69): signal "Cin" is read inside the Process Statement but isn't in the Process Statement's sensitivity list File: C:/Users/laptop/Desktop/requirment_2/part_a.vhd Line: 69
Info (12128): Elaborating entity "my_nadder" for hierarchy "part_a:parta|my_nadder:adder_inst" File: C:/Users/laptop/Desktop/requirment_2/part_a.vhd Line: 33
Info (12128): Elaborating entity "my_adder" for hierarchy "part_a:parta|my_nadder:adder_inst|my_adder:\loop1:0:fx" File: C:/Users/laptop/Desktop/requirment_2/n_bit_adder.vhd Line: 19
Info (12128): Elaborating entity "part_b" for hierarchy "part_b:partb" File: C:/Users/laptop/Desktop/requirment_2/alu.vhd Line: 75
Info (12128): Elaborating entity "part_c" for hierarchy "part_c:partc" File: C:/Users/laptop/Desktop/requirment_2/alu.vhd Line: 83
Warning (10492): VHDL Process Statement warning at part_c.vhd(26): signal "Cin" is read inside the Process Statement but isn't in the Process Statement's sensitivity list File: C:/Users/laptop/Desktop/requirment_2/part_c.vhd Line: 26
Warning (10631): VHDL Process Statement warning at part_c.vhd(17): inferring latch(es) for signal or variable "F", which holds its previous value in one or more paths through the process File: C:/Users/laptop/Desktop/requirment_2/part_c.vhd Line: 17
Warning (10631): VHDL Process Statement warning at part_c.vhd(17): inferring latch(es) for signal or variable "Cout", which holds its previous value in one or more paths through the process File: C:/Users/laptop/Desktop/requirment_2/part_c.vhd Line: 17
Info (10041): Inferred latch for "Cout" at part_c.vhd(17) File: C:/Users/laptop/Desktop/requirment_2/part_c.vhd Line: 17
Info (10041): Inferred latch for "F[0]" at part_c.vhd(17) File: C:/Users/laptop/Desktop/requirment_2/part_c.vhd Line: 17
Info (10041): Inferred latch for "F[1]" at part_c.vhd(17) File: C:/Users/laptop/Desktop/requirment_2/part_c.vhd Line: 17
Info (10041): Inferred latch for "F[2]" at part_c.vhd(17) File: C:/Users/laptop/Desktop/requirment_2/part_c.vhd Line: 17
Info (10041): Inferred latch for "F[3]" at part_c.vhd(17) File: C:/Users/laptop/Desktop/requirment_2/part_c.vhd Line: 17
Info (10041): Inferred latch for "F[4]" at part_c.vhd(17) File: C:/Users/laptop/Desktop/requirment_2/part_c.vhd Line: 17
Info (10041): Inferred latch for "F[5]" at part_c.vhd(17) File: C:/Users/laptop/Desktop/requirment_2/part_c.vhd Line: 17
Info (10041): Inferred latch for "F[6]" at part_c.vhd(17) File: C:/Users/laptop/Desktop/requirment_2/part_c.vhd Line: 17
Info (10041): Inferred latch for "F[7]" at part_c.vhd(17) File: C:/Users/laptop/Desktop/requirment_2/part_c.vhd Line: 17
Info (12128): Elaborating entity "part_d" for hierarchy "part_d:partd" File: C:/Users/laptop/Desktop/requirment_2/alu.vhd Line: 92
Warning (10492): VHDL Process Statement warning at part_d.vhd(26): signal "Cin" is read inside the Process Statement but isn't in the Process Statement's sensitivity list File: C:/Users/laptop/Desktop/requirment_2/part_d.vhd Line: 26
Warning (10631): VHDL Process Statement warning at part_d.vhd(17): inferring latch(es) for signal or variable "F", which holds its previous value in one or more paths through the process File: C:/Users/laptop/Desktop/requirment_2/part_d.vhd Line: 17
Warning (10631): VHDL Process Statement warning at part_d.vhd(17): inferring latch(es) for signal or variable "Cout", which holds its previous value in one or more paths through the process File: C:/Users/laptop/Desktop/requirment_2/part_d.vhd Line: 17
Info (10041): Inferred latch for "Cout" at part_d.vhd(17) File: C:/Users/laptop/Desktop/requirment_2/part_d.vhd Line: 17
Info (10041): Inferred latch for "F[0]" at part_d.vhd(17) File: C:/Users/laptop/Desktop/requirment_2/part_d.vhd Line: 17
Info (10041): Inferred latch for "F[1]" at part_d.vhd(17) File: C:/Users/laptop/Desktop/requirment_2/part_d.vhd Line: 17
Info (10041): Inferred latch for "F[2]" at part_d.vhd(17) File: C:/Users/laptop/Desktop/requirment_2/part_d.vhd Line: 17
Info (10041): Inferred latch for "F[3]" at part_d.vhd(17) File: C:/Users/laptop/Desktop/requirment_2/part_d.vhd Line: 17
Info (10041): Inferred latch for "F[4]" at part_d.vhd(17) File: C:/Users/laptop/Desktop/requirment_2/part_d.vhd Line: 17
Info (10041): Inferred latch for "F[5]" at part_d.vhd(17) File: C:/Users/laptop/Desktop/requirment_2/part_d.vhd Line: 17
Info (10041): Inferred latch for "F[6]" at part_d.vhd(17) File: C:/Users/laptop/Desktop/requirment_2/part_d.vhd Line: 17
Info (10041): Inferred latch for "F[7]" at part_d.vhd(17) File: C:/Users/laptop/Desktop/requirment_2/part_d.vhd Line: 17
Warning (14026): LATCH primitive "part_d:partd|F[0]" is permanently enabled File: C:/Users/laptop/Desktop/requirment_2/part_d.vhd Line: 17
Warning (14026): LATCH primitive "part_d:partd|Cout" is permanently enabled File: C:/Users/laptop/Desktop/requirment_2/part_d.vhd Line: 11
Warning (14026): LATCH primitive "part_d:partd|F[1]" is permanently enabled File: C:/Users/laptop/Desktop/requirment_2/part_d.vhd Line: 17
Warning (14026): LATCH primitive "part_d:partd|F[2]" is permanently enabled File: C:/Users/laptop/Desktop/requirment_2/part_d.vhd Line: 17
Warning (14026): LATCH primitive "part_d:partd|F[3]" is permanently enabled File: C:/Users/laptop/Desktop/requirment_2/part_d.vhd Line: 17
Warning (14026): LATCH primitive "part_d:partd|F[4]" is permanently enabled File: C:/Users/laptop/Desktop/requirment_2/part_d.vhd Line: 17
Warning (14026): LATCH primitive "part_d:partd|F[5]" is permanently enabled File: C:/Users/laptop/Desktop/requirment_2/part_d.vhd Line: 17
Warning (14026): LATCH primitive "part_d:partd|F[6]" is permanently enabled File: C:/Users/laptop/Desktop/requirment_2/part_d.vhd Line: 17
Warning (14026): LATCH primitive "part_c:partc|Cout" is permanently enabled File: C:/Users/laptop/Desktop/requirment_2/part_c.vhd Line: 11
Warning (14026): LATCH primitive "part_c:partc|F[1]" is permanently enabled File: C:/Users/laptop/Desktop/requirment_2/part_c.vhd Line: 17
Warning (14026): LATCH primitive "part_c:partc|F[2]" is permanently enabled File: C:/Users/laptop/Desktop/requirment_2/part_c.vhd Line: 17
Warning (14026): LATCH primitive "part_c:partc|F[3]" is permanently enabled File: C:/Users/laptop/Desktop/requirment_2/part_c.vhd Line: 17
Warning (14026): LATCH primitive "part_c:partc|F[4]" is permanently enabled File: C:/Users/laptop/Desktop/requirment_2/part_c.vhd Line: 17
Warning (14026): LATCH primitive "part_c:partc|F[5]" is permanently enabled File: C:/Users/laptop/Desktop/requirment_2/part_c.vhd Line: 17
Warning (14026): LATCH primitive "part_c:partc|F[6]" is permanently enabled File: C:/Users/laptop/Desktop/requirment_2/part_c.vhd Line: 17
Warning (14026): LATCH primitive "part_c:partc|F[7]" is permanently enabled File: C:/Users/laptop/Desktop/requirment_2/part_c.vhd Line: 17
Info (286030): Timing-Driven Synthesis is running
Info (16010): Generating hard_block partition "hard_block:auto_generated_inst"
    Info (16011): Adding 0 node(s), including 0 DDIO, 0 PLL, 0 transceiver and 0 LCELL
Info (21057): Implemented 79 device resources after synthesis - the final resource count might be different
    Info (21058): Implemented 21 input pins
    Info (21059): Implemented 9 output pins
    Info (21061): Implemented 49 logic cells
Info: Quartus Prime Analysis & Synthesis was successful. 0 errors, 32 warnings
    Info: Peak virtual memory: 4867 megabytes
    Info: Processing ended: Mon Oct 14 15:56:38 2024
    Info: Elapsed time: 00:00:12
    Info: Total CPU time (on all processors): 00:00:08


